Wed Mar 14 2018 23:34:40 GMT-0400 (东部夏令时): GET /
Wed Mar 14 2018 23:34:47 GMT-0400 (东部夏令时): GET /about
Thu Mar 15 2018 01:08:17 GMT-0400 (东部夏令时): GET /
Thu Mar 15 2018 01:08:56 GMT-0400 (东部夏令时): GET /help
Thu Mar 15 2018 01:13:29 GMT-0400 (东部夏令时): GET /help.html
Thu Mar 15 2018 01:13:31 GMT-0400 (东部夏令时): GET /help.html
Thu Mar 15 2018 01:13:50 GMT-0400 (东部夏令时): GET /help.html
Thu Mar 15 2018 01:14:01 GMT-0400 (东部夏令时): GET /
Thu Mar 15 2018 20:46:57 GMT-0400 (东部夏令时): GET /
Thu Mar 15 2018 20:46:59 GMT-0400 (东部夏令时): GET /
Thu Mar 15 2018 20:47:00 GMT-0400 (东部夏令时): GET /about
Thu Mar 15 2018 20:47:02 GMT-0400 (东部夏令时): GET /
Thu Mar 15 2018 22:02:18 GMT-0400 (东部夏令时): GET /
Thu Mar 15 2018 22:02:20 GMT-0400 (东部夏令时): GET /project
Thu Mar 15 2018 22:02:23 GMT-0400 (东部夏令时): GET /
Thu Mar 15 2018 22:02:25 GMT-0400 (东部夏令时): GET /project
Thu Mar 15 2018 22:02:27 GMT-0400 (东部夏令时): GET /
Thu Mar 15 2018 22:02:29 GMT-0400 (东部夏令时): GET /project
Thu Mar 15 2018 22:03:59 GMT-0400 (东部夏令时): GET /
Thu Mar 15 2018 22:04:01 GMT-0400 (东部夏令时): GET /project
